<?xml version="1.0" encoding="UTF-8"?>
<!-- Generated by org.testng.reporters.JUnitXMLReporter -->
<testsuite ignored="0" hostname="LAPTOP-NJTHLN62" failures="0" tests="5" name="MethodLevel" time="14.24" errors="0" timestamp="2024-06-23T06:25:54 IST">
  <testcase classname="class_54_TestNGParallelExecution.GoldenChecks" name="verifyTitle" time="8.753"/>
  <testcase classname="class_54_TestNGParallelExecution.SanityChecks" name="verifyTitle" time="9.443"/>
  <testcase classname="class_54_TestNGParallelExecution.MyRegressionTest" name="NegativeLoginTesting" time="9.489"/>
  <testcase classname="class_54_TestNGParallelExecution.MyRegressionTest" name="SocialMediaLinksVerification" time="5.129"/>
  <testcase classname="class_54_TestNGParallelExecution.SanityChecks" name="verifyLoginButton" time="4.749"/>
</testsuite> <!-- MethodLevel -->
