<?xml version="1.0" encoding="UTF-8"?>
<!-- Generated by org.testng.reporters.JUnitXMLReporter -->
<testsuite ignored="0" hostname="LAPTOP-NJTHLN62" failures="0" tests="5" name="MethodLevelTest" time="11.829" errors="0" timestamp="2024-06-23T06:30:03 IST">
  <testcase classname="class_54_TestNGParallelExecution.GoldenChecks" name="verifyTitle" time="6.221"/>
  <testcase classname="class_54_TestNGParallelExecution.SanityChecks" name="verifyTitle" time="6.892"/>
  <testcase classname="class_54_TestNGParallelExecution.MyRegressionTest" name="NegativeLoginTesting" time="6.984"/>
  <testcase classname="class_54_TestNGParallelExecution.MyRegressionTest" name="SocialMediaLinksVerification" time="5.482"/>
  <testcase classname="class_54_TestNGParallelExecution.SanityChecks" name="verifyLoginButton" time="4.876"/>
</testsuite> <!-- MethodLevelTest -->
