<?xml version="1.0" encoding="UTF-8"?>
<testng-results ignored="0" total="3" passed="3" failed="0" skipped="0">
  <reporter-output>
  </reporter-output>
  <suite started-at="2024-06-27T16:05:28 IST" name="Default suite" finished-at="2024-06-27T16:05:49 IST" duration-ms="21245">
    <groups>
    </groups>
    <test started-at="2024-06-27T16:05:28 IST" name="Default test" finished-at="2024-06-27T16:05:49 IST" duration-ms="21245">
      <class name="class_58_Data_Driven_Testing.MyTest_AcceptData_from_DataProvider">
        <test-method signature="registerUser(java.lang.String,java.lang.String,java.lang.String,java.lang.String,java.lang.String,java.lang.String,java.lang.String)[pri:0, instance:class_58_Data_Driven_Testing.MyTest_AcceptData_from_DataProvider@b9b00e0]" started-at="2024-06-27T16:05:28 IST" name="registerUser" data-provider="testData" finished-at="2024-06-27T16:05:35 IST" duration-ms="7806" status="PASS">
          <params>
            <param index="0">
              <value>
                <![CDATA[Shafiq]]>
              </value>
            </param>
            <param index="1">
              <value>
                <![CDATA[Shafiq3@gmail.com]]>
              </value>
            </param>
            <param index="2">
              <value>
                <![CDATA[Shafiq@1234]]>
              </value>
            </param>
            <param index="3">
              <value>
                <![CDATA[Selenium]]>
              </value>
            </param>
            <param index="4">
              <value>
                <![CDATA[Male]]>
              </value>
            </param>
            <param index="5">
              <value>
                <![CDATA[Goa]]>
              </value>
            </param>
            <param index="6">
              <value>
                <![CDATA[Reading,Playing]]>
              </value>
            </param>
          </params>
          <reporter-output>
          </reporter-output>
        </test-method> <!-- registerUser -->
        <test-method signature="registerUser(java.lang.String,java.lang.String,java.lang.String,java.lang.String,java.lang.String,java.lang.String,java.lang.String)[pri:0, instance:class_58_Data_Driven_Testing.MyTest_AcceptData_from_DataProvider@b9b00e0]" started-at="2024-06-27T16:05:35 IST" name="registerUser" data-provider="testData" finished-at="2024-06-27T16:05:43 IST" duration-ms="7136" status="PASS">
          <params>
            <param index="0">
              <value>
                <![CDATA[Meghna]]>
              </value>
            </param>
            <param index="1">
              <value>
                <![CDATA[Meghna3@gmail.com]]>
              </value>
            </param>
            <param index="2">
              <value>
                <![CDATA[Meghna@1234]]>
              </value>
            </param>
            <param index="3">
              <value>
                <![CDATA[Cypress]]>
              </value>
            </param>
            <param index="4">
              <value>
                <![CDATA[Female]]>
              </value>
            </param>
            <param index="5">
              <value>
                <![CDATA[Karnataka]]>
              </value>
            </param>
            <param index="6">
              <value>
                <![CDATA[Playing]]>
              </value>
            </param>
          </params>
          <reporter-output>
          </reporter-output>
        </test-method> <!-- registerUser -->
        <test-method signature="registerUser(java.lang.String,java.lang.String,java.lang.String,java.lang.String,java.lang.String,java.lang.String,java.lang.String)[pri:0, instance:class_58_Data_Driven_Testing.MyTest_AcceptData_from_DataProvider@b9b00e0]" started-at="2024-06-27T16:05:43 IST" name="registerUser" data-provider="testData" finished-at="2024-06-27T16:05:49 IST" duration-ms="6253" status="PASS">
          <params>
            <param index="0">
              <value>
                <![CDATA[Srivalli]]>
              </value>
            </param>
            <param index="1">
              <value>
                <![CDATA[Srivalli3@gmail.com]]>
              </value>
            </param>
            <param index="2">
              <value>
                <![CDATA[Srivalli@1234]]>
              </value>
            </param>
            <param index="3">
              <value>
                <![CDATA[GCP]]>
              </value>
            </param>
            <param index="4">
              <value>
                <![CDATA[Male]]>
              </value>
            </param>
            <param index="5">
              <value>
                <![CDATA[Punjab]]>
              </value>
            </param>
            <param index="6">
              <value>
                <![CDATA[Swimming]]>
              </value>
            </param>
          </params>
          <reporter-output>
          </reporter-output>
        </test-method> <!-- registerUser -->
      </class> <!-- class_58_Data_Driven_Testing.MyTest_AcceptData_from_DataProvider -->
    </test> <!-- Default test -->
  </suite> <!-- Default suite -->
</testng-results>
