<?xml version="1.0" encoding="UTF-8"?>
<!-- Generated by org.testng.reporters.JUnitXMLReporter -->
<testsuite ignored="0" hostname="LAPTOP-NJTHLN62" failures="0" tests="3" name="GoldenSanity_Test" time="11.252" errors="0" timestamp="2024-06-22T17:42:40 IST">
  <testcase classname="class_54_TestNGParallelExecution.SanityChecks" name="verifyTitle" time="7.563"/>
  <testcase classname="class_54_TestNGParallelExecution.GoldenChecks" name="verifyTitle" time="7.657"/>
  <testcase classname="class_54_TestNGParallelExecution.SanityChecks" name="verifyLoginButton" time="3.628"/>
</testsuite> <!-- GoldenSanity_Test -->
