<?xml version="1.0" encoding="UTF-8"?>
<!-- Generated by org.testng.reporters.JUnitXMLReporter -->
<testsuite ignored="0" hostname="LAPTOP-NJTHLN62" failures="0" tests="2" name="Regression_Test" time="8.502" errors="0" timestamp="2024-06-22T17:42:48 IST">
  <testcase classname="class_54_TestNGParallelExecution.MyRegressionTest" name="NegativeLoginTesting" time="4.758"/>
  <testcase classname="class_54_TestNGParallelExecution.MyRegressionTest" name="SocialMediaLinksVerification" time="3.74"/>
</testsuite> <!-- Regression_Test -->
